<?xml version="1.0" encoding="UTF-8"?>
<!-- Generated by org.testng.reporters.JUnitXMLReporter -->
<testsuite ignored="0" hostname="RAHUL" failures="0" tests="6" name="Default test" time="60.771" errors="0" timestamp="2024-08-27T19:04:42 IST">
  <testcase classname="TestClasses.loginTest" name="TCMOfferZone" time="1.537"/>
  <testcase classname="TestClasses.loginTest" name="TClogoImageFlipkartIsDisplayed" time="3.047"/>
  <testcase classname="TestClasses.loginTest" name="TClogoImageFlipkartWidth" time="3.05"/>
  <testcase classname="TestClasses.loginTest" name="TClogoImagePlusIsDispalyed" time="3.069"/>
  <testcase classname="TestClasses.loginTest" name="TClogoImagePlusWidth" time="3.056"/>
  <testcase classname="TestClasses.loginTest" name="TClogoTextPlus" time="3.056"/>
</testsuite> <!-- Default test -->
